<?xml version="1.0" encoding="UTF-8"?>
<testng-results skipped="0" failed="0" ignored="0" total="1" passed="1">
  <reporter-output>
  </reporter-output>
  <suite name="Default suite" duration-ms="304644" started-at="2018-07-13T07:24:33Z" finished-at="2018-07-13T07:29:37Z">
    <groups>
    </groups>
    <test name="Default test" duration-ms="304644" started-at="2018-07-13T07:24:33Z" finished-at="2018-07-13T07:29:37Z">
      <class name="DriveOnMaven.DriveOnMaven.CompanyApplication">
        <test-method status="PASS" signature="testSetup()[pri:0, instance:DriveOnMaven.DriveOnMaven.CompanyApplication@604ed9f0]" name="testSetup" is-config="true" duration-ms="2272" started-at="2018-07-13T07:24:33Z" finished-at="2018-07-13T07:24:35Z">
          <reporter-output>
          </reporter-output>
        </test-method> <!-- testSetup -->
        <test-method status="PASS" signature="scripts()[pri:0, instance:DriveOnMaven.DriveOnMaven.CompanyApplication@604ed9f0]" name="scripts" duration-ms="302349" started-at="2018-07-13T07:24:35Z" finished-at="2018-07-13T07:29:37Z">
          <reporter-output>
          </reporter-output>
        </test-method> <!-- scripts -->
        <test-method status="PASS" signature="tearDown()[pri:0, instance:DriveOnMaven.DriveOnMaven.CompanyApplication@604ed9f0]" name="tearDown" is-config="true" duration-ms="1" started-at="2018-07-13T07:29:37Z" finished-at="2018-07-13T07:29:37Z">
          <reporter-output>
          </reporter-output>
        </test-method> <!-- tearDown -->
      </class> <!-- DriveOnMaven.DriveOnMaven.CompanyApplication -->
    </test> <!-- Default test -->
  </suite> <!-- Default suite -->
</testng-results>
